<?xml version="1.0" encoding="utf-8"?><testsuites name="pytest tests"><testsuite name="pytest" errors="0" failures="0" skipped="0" tests="8" time="3.579" timestamp="2026-07-19T11:06:38.949464+00:00" hostname="agent-env-c008f040-962e-4ee2-b863-72cad0d72c7b"><testcase classname="tests.test_bulk_add_and_regression" name="test_bulk_add_happy_path" time="0.351" /><testcase classname="tests.test_bulk_add_and_regression" name="test_bulk_add_dupes_skipped" time="0.393" /><testcase classname="tests.test_bulk_add_and_regression" name="test_bulk_add_respects_max_players" time="0.201" /><testcase classname="tests.test_bulk_add_and_regression" name="test_bulk_add_bad_token" time="0.174" /><testcase classname="tests.test_bulk_add_and_regression" name="test_bulk_add_invalid_rating_422" time="0.236" /><testcase classname="tests.test_bulk_add_and_regression" name="test_demo_still_intact" time="0.166" /><testcase classname="tests.test_bulk_add_and_regression" name="test_end_to_end_flow" time="1.016" /><testcase classname="tests.test_bulk_add_and_regression" name="test_join_duplicate_phone_rejected" time="0.429" /></testsuite></testsuites>