<?xml version="1.0" encoding="utf-8"?><testsuites name="pytest tests"><testsuite name="pytest" errors="0" failures="0" skipped="0" tests="11" time="0.722" timestamp="2026-07-20T17:38:41.999568+00:00" hostname="agent-env-c008f040-962e-4ee2-b863-72cad0d72c7b"><testcase classname="tests.test_v1_1_rating_groups.TestRatingEngine" name="test_win_loss_deltas" time="0.071" /><testcase classname="tests.test_v1_1_rating_groups.TestRegression" name="test_admin_token_length" time="0.006" /><testcase classname="tests.test_v1_1_rating_groups.TestRegression" name="test_demo_endpoint" time="0.003" /><testcase classname="tests.test_v1_1_rating_groups.TestRegression" name="test_public_endpoint_hides_admin_token" time="0.005" /><testcase classname="tests.test_v1_1_rating_groups.TestGroups" name="test_create_group_and_403_on_wrong_token" time="0.004" /><testcase classname="tests.test_v1_1_rating_groups.TestGroups" name="test_group_dashboard_after_played_match" time="0.072" /><testcase classname="tests.test_v1_1_rating_groups.TestRatingEngine" name="test_draw_actual_half" time="0.019" /><testcase classname="tests.test_v1_1_rating_groups.TestRatingEngine" name="test_rating_history_endpoint" time="0.017" /><testcase classname="tests.test_v1_1_rating_groups.TestRatingEngine" name="test_snake_draft_uses_dynamic_rating" time="0.083" /><testcase classname="tests.test_v1_1_rating_groups.TestRatingEngine" name="test_backward_compat_mark_played_no_body" time="0.047" /><testcase classname="tests.test_v1_1_rating_groups.TestRatingEngine" name="test_get_match_ungrouped_backward_compat" time="0.004" /></testsuite></testsuites>