<?xml version="1.0" encoding="utf-8"?><testsuites name="pytest tests"><testsuite name="pytest" errors="0" failures="0" skipped="0" tests="21" time="3.166" timestamp="2026-07-19T12:57:53.997420+00:00" hostname="agent-env-c008f040-962e-4ee2-b863-72cad0d72c7b"><testcase classname="tests.test_bulk_add_and_regression" name="test_bulk_add_happy_path" time="0.350" /><testcase classname="tests.test_security_iter3" name="test_public_match_no_phone_or_paid" time="0.189" /><testcase classname="tests.test_security_iter3" name="test_admin_match_still_has_phone_and_paid" time="0.245" /><testcase classname="tests.test_bulk_add_and_regression" name="test_bulk_add_dupes_skipped" time="0.389" /><testcase classname="tests.test_security_iter3" name="test_mvp_verify_valid_phone" time="0.189" /><testcase classname="tests.test_security_iter3" name="test_mvp_verify_unknown_phone_404" time="0.187" /><testcase classname="tests.test_bulk_add_and_regression" name="test_bulk_add_respects_max_players" time="0.255" /><testcase classname="tests.test_security_iter3" name="test_mvp_verify_bad_match_404" time="0.132" /><testcase classname="tests.test_security_iter3" name="test_source_zip_not_binary" time="0.086" /><testcase classname="tests.test_bulk_add_and_regression" name="test_bulk_add_bad_token" time="0.209" /><testcase classname="tests.test_security_iter3" name="test_match_name_too_long_422" time="0.112" /><testcase classname="tests.test_security_iter3" name="test_match_empty_location_422" time="0.133" /><testcase classname="tests.test_bulk_add_and_regression" name="test_bulk_add_invalid_rating_422" time="0.153" /><testcase classname="tests.test_security_iter3" name="test_join_rating_6_is_422" time="0.155" /><testcase classname="tests.test_bulk_add_and_regression" name="test_demo_still_intact" time="0.182" /><testcase classname="tests.test_security_iter3" name="test_join_name_too_long_422" time="0.186" /><testcase classname="tests.test_bulk_add_and_regression" name="test_end_to_end_flow" time="0.879" /><testcase classname="tests.test_security_iter3" name="test_cors_preflight_ok" time="0.061" /><testcase classname="tests.test_security_iter3" name="test_regular_get_works" time="0.082" /><testcase classname="tests.test_security_iter3" name="test_manifest_still_ok" time="0.084" /><testcase classname="tests.test_bulk_add_and_regression" name="test_join_duplicate_phone_rejected" time="0.241" /></testsuite></testsuites>