<?xml version="1.0" encoding="utf-8"?><testsuites name="pytest tests"><testsuite name="pytest" errors="0" failures="0" skipped="0" tests="6" time="0.985" timestamp="2026-07-20T17:44:40.970821+00:00" hostname="agent-env-c008f040-962e-4ee2-b863-72cad0d72c7b"><testcase classname="tests.test_iter7_idempotency.TestMarkPlayedIdempotency" name="test_double_mark_played_is_idempotent" time="0.258" /><testcase classname="tests.test_iter7_idempotency.TestRegressionSmoke" name="test_groups_create_and_dashboard" time="0.011" /><testcase classname="tests.test_iter7_idempotency.TestRegressionSmoke" name="test_group_dashboard_wrong_token_403" time="0.004" /><testcase classname="tests.test_iter7_idempotency.TestRegressionSmoke" name="test_rating_history_endpoint_shape" time="0.002" /><testcase classname="tests.test_iter7_idempotency.TestRegressionSmoke" name="test_admin_token_length_and_hidden_on_public" time="0.004" /><testcase classname="tests.test_iter7_idempotency.TestMarkPlayedIdempotency" name="test_mark_played_no_body_still_works" time="0.231" /></testsuite></testsuites>