<?xml version="1.0" encoding="utf-8"?><testsuites name="pytest tests"><testsuite name="pytest" errors="0" failures="0" skipped="0" tests="10" time="5.813" timestamp="2026-07-20T16:18:55.774429+00:00" hostname="agent-env-c008f040-962e-4ee2-b863-72cad0d72c7b"><testcase classname="tests.test_v1_release.TestPWAAssets" name="test_manifest_ok" time="0.181" /><testcase classname="tests.test_v1_release.TestPWAAssets" name="test_service_worker_content" time="0.091" /><testcase classname="tests.test_v1_release.TestAdminTokenLength" name="test_token_length_ge_30" time="0.111" /><testcase classname="tests.test_v1_release.TestRatingPatch" name="test_valid_rating_update" time="0.551" /><testcase classname="tests.test_v1_release.TestRateLimit" name="test_join_rate_limit" time="3.136" /><testcase classname="tests.test_v1_release.TestRatingPatch" name="test_rating_zero_422" time="0.279" /><testcase classname="tests.test_v1_release.TestRatingPatch" name="test_rating_six_422" time="0.339" /><testcase classname="tests.test_v1_release.TestRatingPatch" name="test_wrong_admin_token_403" time="0.293" /><testcase classname="tests.test_v1_release.TestFullRegression" name="test_lifecycle" time="1.589" /><testcase classname="tests.test_v1_release.TestHistoryEmpty" name="test_history_empty_number" time="0.124" /></testsuite></testsuites>