<?xml version="1.0" encoding="utf-8"?><testsuites name="pytest tests"><testsuite name="pytest" errors="0" failures="0" skipped="0" tests="21" time="3.344" timestamp="2026-07-19T11:52:09.575462+00:00" hostname="agent-env-c008f040-962e-4ee2-b863-72cad0d72c7b"><testcase classname="tests.test_security_iter3" name="test_public_match_no_phone_or_paid" time="0.377" /><testcase classname="tests.test_bulk_add_and_regression" name="test_bulk_add_happy_path" time="0.436" /><testcase classname="tests.test_security_iter3" name="test_admin_match_still_has_phone_and_paid" time="0.321" /><testcase classname="tests.test_bulk_add_and_regression" name="test_bulk_add_dupes_skipped" time="0.419" /><testcase classname="tests.test_security_iter3" name="test_mvp_verify_valid_phone" time="0.156" /><testcase classname="tests.test_bulk_add_and_regression" name="test_bulk_add_respects_max_players" time="0.175" /><testcase classname="tests.test_security_iter3" name="test_mvp_verify_unknown_phone_404" time="0.221" /><testcase classname="tests.test_bulk_add_and_regression" name="test_bulk_add_bad_token" time="0.204" /><testcase classname="tests.test_security_iter3" name="test_mvp_verify_bad_match_404" time="0.098" /><testcase classname="tests.test_security_iter3" name="test_source_zip_not_binary" time="0.076" /><testcase classname="tests.test_bulk_add_and_regression" name="test_bulk_add_invalid_rating_422" time="0.283" /><testcase classname="tests.test_security_iter3" name="test_match_name_too_long_422" time="0.113" /><testcase classname="tests.test_security_iter3" name="test_match_empty_location_422" time="0.087" /><testcase classname="tests.test_security_iter3" name="test_join_rating_6_is_422" time="0.183" /><testcase classname="tests.test_bulk_add_and_regression" name="test_demo_still_intact" time="0.165" /><testcase classname="tests.test_security_iter3" name="test_join_name_too_long_422" time="0.222" /><testcase classname="tests.test_bulk_add_and_regression" name="test_end_to_end_flow" time="0.887" /><testcase classname="tests.test_security_iter3" name="test_cors_preflight_ok" time="0.053" /><testcase classname="tests.test_security_iter3" name="test_regular_get_works" time="0.102" /><testcase classname="tests.test_security_iter3" name="test_manifest_still_ok" time="0.078" /><testcase classname="tests.test_bulk_add_and_regression" name="test_join_duplicate_phone_rejected" time="0.237" /></testsuite></testsuites>