<?xml version="1.0" encoding="utf-8"?><testsuites name="pytest tests"><testsuite name="pytest" errors="0" failures="0" skipped="0" tests="68" time="9.503" timestamp="2026-07-20T18:37:24.920824+00:00" hostname="agent-env-c008f040-962e-4ee2-b863-72cad0d72c7b"><testcase classname="tests.test_bulk_add_and_regression" name="test_bulk_add_happy_path" time="0.330" /><testcase classname="tests.test_security_iter3" name="test_public_match_no_phone_or_paid" time="0.329" /><testcase classname="tests.test_security_iter3" name="test_admin_match_still_has_phone_and_paid" time="0.351" /><testcase classname="tests.test_bulk_add_and_regression" name="test_bulk_add_dupes_skipped" time="0.417" /><testcase classname="tests.test_security_iter3" name="test_mvp_verify_valid_phone" time="0.207" /><testcase classname="tests.test_bulk_add_and_regression" name="test_bulk_add_respects_max_players" time="0.189" /><testcase classname="tests.test_security_iter3" name="test_mvp_verify_unknown_phone_404" time="0.190" /><testcase classname="tests.test_bulk_add_and_regression" name="test_bulk_add_bad_token" time="0.218" /><testcase classname="tests.test_security_iter3" name="test_mvp_verify_bad_match_404" time="0.146" /><testcase classname="tests.test_bulk_add_and_regression" name="test_bulk_add_invalid_rating_422" time="0.155" /><testcase classname="tests.test_security_iter3" name="test_source_zip_not_binary" time="0.137" /><testcase classname="tests.test_bulk_add_and_regression" name="test_demo_still_intact" time="0.160" /><testcase classname="tests.test_security_iter3" name="test_match_name_too_long_422" time="0.113" /><testcase classname="tests.test_bulk_add_and_regression" name="test_end_to_end_flow" time="1.300" /><testcase classname="tests.test_security_iter3" name="test_match_empty_location_422" time="0.088" /><testcase classname="tests.test_security_iter3" name="test_join_rating_6_is_422" time="0.170" /><testcase classname="tests.test_security_iter3" name="test_join_name_too_long_422" time="0.200" /><testcase classname="tests.test_security_iter3" name="test_cors_preflight_ok" time="0.057" /><testcase classname="tests.test_security_iter3" name="test_regular_get_works" time="0.073" /><testcase classname="tests.test_security_iter3" name="test_manifest_still_ok" time="0.081" /><testcase classname="tests.test_v1_1_rating_groups.TestRatingEngine" name="test_win_loss_deltas" time="0.020" /><testcase classname="tests.test_v1_1_rating_groups.TestRatingEngine" name="test_draw_actual_half" time="0.016" /><testcase classname="tests.test_v1_1_rating_groups.TestRatingEngine" name="test_rating_history_endpoint" time="0.018" /><testcase classname="tests.test_v1_1_rating_groups.TestRatingEngine" name="test_snake_draft_uses_dynamic_rating" time="0.058" /><testcase classname="tests.test_v1_1_rating_groups.TestRatingEngine" name="test_backward_compat_mark_played_no_body" time="0.017" /><testcase classname="tests.test_v1_1_rating_groups.TestRatingEngine" name="test_get_match_ungrouped_backward_compat" time="0.004" /><testcase classname="tests.test_iter7_idempotency.TestRegressionSmoke" name="test_groups_create_and_dashboard" time="0.005" /><testcase classname="tests.test_iter7_idempotency.TestRegressionSmoke" name="test_group_dashboard_wrong_token_403" time="0.003" /><testcase classname="tests.test_iter7_idempotency.TestRegressionSmoke" name="test_rating_history_endpoint_shape" time="0.002" /><testcase classname="tests.test_iter7_idempotency.TestRegressionSmoke" name="test_admin_token_length_and_hidden_on_public" time="0.003" /><testcase classname="tests.test_router_groups" name="test_group_create_returns_token" time="0.006" /><testcase classname="tests.test_router_groups" name="test_group_dashboard_403_on_wrong_token" time="0.002" /><testcase classname="tests.test_router_groups" name="test_group_dashboard_empty_shape" time="0.004" /><testcase classname="tests.test_router_groups" name="test_group_scoped_match_carries_group_id" time="0.004" /><testcase classname="tests.test_router_mvp" name="test_mvp_verify_returns_own_record_only" time="0.056" /><testcase classname="tests.test_router_mvp" name="test_mvp_verify_unknown_phone_404" time="0.018" /><testcase classname="tests.test_router_mvp" name="test_mvp_vote_flow_and_results" time="0.021" /><testcase classname="tests.test_router_mvp" name="test_mvp_cannot_vote_self" time="0.050" /><testcase classname="tests.test_router_players" name="test_history_zero_for_unknown_phone" time="0.001" /><testcase classname="tests.test_router_players" name="test_rating_history_shape_empty" time="0.001" /><testcase classname="tests.test_router_players" name="test_rating_history_populated_after_played" time="0.017" /><testcase classname="tests.test_router_players" name="test_demo_endpoint" time="0.001" /><testcase classname="tests.test_v1_release.TestRatingPatch" name="test_valid_rating_update" time="0.317" /><testcase classname="tests.test_bulk_add_and_regression" name="test_join_duplicate_phone_rejected" time="0.295" /><testcase classname="tests.test_v1_release.TestRatingPatch" name="test_rating_zero_422" time="0.268" /><testcase classname="tests.test_router_matches" name="test_matches_router_root" time="0.006" /><testcase classname="tests.test_router_matches" name="test_matches_create_returns_admin_token" time="0.002" /><testcase classname="tests.test_router_matches" name="test_matches_public_hides_admin_token_and_phone" time="0.005" /><testcase classname="tests.test_router_matches" name="test_matches_admin_view_shows_full_players" time="0.004" /><testcase classname="tests.test_router_matches" name="test_matches_generate_teams_requires_min_4" time="0.002" /><testcase classname="tests.test_router_matches" name="test_matches_bulk_add_and_generate" time="0.008" /><testcase classname="tests.test_router_matches" name="test_matches_mark_played_is_idempotent" time="0.015" /><testcase classname="tests.test_router_matches" name="test_matches_wrong_admin_token_403" time="0.003" /><testcase classname="tests.test_iter7_idempotency.TestMarkPlayedIdempotency" name="test_double_mark_played_is_idempotent" time="0.251" /><testcase classname="tests.test_v1_release.TestRatingPatch" name="test_rating_six_422" time="0.382" /><testcase classname="tests.test_iter7_idempotency.TestMarkPlayedIdempotency" name="test_mark_played_no_body_still_works" time="0.232" /><testcase classname="tests.test_v1_1_rating_groups.TestGroups" name="test_create_group_and_403_on_wrong_token" time="0.004" /><testcase classname="tests.test_v1_release.TestRatingPatch" name="test_wrong_admin_token_403" time="0.235" /><testcase classname="tests.test_v1_1_rating_groups.TestGroups" name="test_group_dashboard_after_played_match" time="0.024" /><testcase classname="tests.test_v1_release.TestPWAAssets" name="test_manifest_ok" time="0.085" /><testcase classname="tests.test_v1_1_rating_groups.TestRegression" name="test_admin_token_length" time="0.002" /><testcase classname="tests.test_v1_1_rating_groups.TestRegression" name="test_demo_endpoint" time="0.002" /><testcase classname="tests.test_v1_1_rating_groups.TestRegression" name="test_public_endpoint_hides_admin_token" time="0.004" /><testcase classname="tests.test_v1_release.TestRateLimit" name="test_join_rate_limit" time="2.855" /><testcase classname="tests.test_v1_release.TestPWAAssets" name="test_service_worker_content" time="0.075" /><testcase classname="tests.test_v1_release.TestAdminTokenLength" name="test_token_length_ge_30" time="0.082" /><testcase classname="tests.test_v1_release.TestFullRegression" name="test_lifecycle" time="1.373" /><testcase classname="tests.test_v1_release.TestHistoryEmpty" name="test_history_empty_number" time="0.080" /></testsuite></testsuites>