<?xml version="1.0" encoding="utf-8"?><testsuites name="pytest tests"><testsuite name="pytest" errors="0" failures="0" skipped="0" tests="20" time="1.705" timestamp="2026-07-20T18:22:43.428635+00:00" hostname="agent-env-c008f040-962e-4ee2-b863-72cad0d72c7b"><testcase classname="tests.test_router_mvp" name="test_mvp_verify_returns_own_record_only" time="0.029" /><testcase classname="tests.test_router_matches" name="test_matches_router_root" time="0.007" /><testcase classname="tests.test_router_matches" name="test_matches_create_returns_admin_token" time="0.002" /><testcase classname="tests.test_router_matches" name="test_matches_public_hides_admin_token_and_phone" time="0.005" /><testcase classname="tests.test_router_matches" name="test_matches_admin_view_shows_full_players" time="0.005" /><testcase classname="tests.test_router_matches" name="test_matches_generate_teams_requires_min_4" time="0.003" /><testcase classname="tests.test_router_matches" name="test_matches_bulk_add_and_generate" time="0.051" /><testcase classname="tests.test_router_mvp" name="test_mvp_verify_unknown_phone_404" time="0.022" /><testcase classname="tests.test_router_matches" name="test_matches_mark_played_is_idempotent" time="0.015" /><testcase classname="tests.test_router_matches" name="test_matches_wrong_admin_token_403" time="0.002" /><testcase classname="tests.test_router_mvp" name="test_mvp_vote_flow_and_results" time="0.078" /><testcase classname="tests.test_router_groups" name="test_group_create_returns_token" time="0.001" /><testcase classname="tests.test_router_groups" name="test_group_dashboard_403_on_wrong_token" time="0.002" /><testcase classname="tests.test_router_groups" name="test_group_dashboard_empty_shape" time="0.004" /><testcase classname="tests.test_router_groups" name="test_group_scoped_match_carries_group_id" time="0.005" /><testcase classname="tests.test_router_mvp" name="test_mvp_cannot_vote_self" time="0.023" /><testcase classname="tests.test_router_players" name="test_history_zero_for_unknown_phone" time="0.001" /><testcase classname="tests.test_router_players" name="test_rating_history_shape_empty" time="0.002" /><testcase classname="tests.test_router_players" name="test_rating_history_populated_after_played" time="0.017" /><testcase classname="tests.test_router_players" name="test_demo_endpoint" time="0.002" /></testsuite></testsuites>