<?xml version="1.0" encoding="utf-8"?><testsuites name="pytest tests"><testsuite name="pytest" errors="0" failures="0" skipped="0" tests="48" time="7.589" timestamp="2026-07-20T18:01:50.857370+00:00" hostname="agent-env-c008f040-962e-4ee2-b863-72cad0d72c7b"><testcase classname="tests.test_bulk_add_and_regression" name="test_bulk_add_happy_path" time="0.447" /><testcase classname="tests.test_security_iter3" name="test_public_match_no_phone_or_paid" time="0.359" /><testcase classname="tests.test_security_iter3" name="test_admin_match_still_has_phone_and_paid" time="0.250" /><testcase classname="tests.test_bulk_add_and_regression" name="test_bulk_add_dupes_skipped" time="0.389" /><testcase classname="tests.test_security_iter3" name="test_mvp_verify_valid_phone" time="0.293" /><testcase classname="tests.test_bulk_add_and_regression" name="test_bulk_add_respects_max_players" time="0.224" /><testcase classname="tests.test_security_iter3" name="test_mvp_verify_unknown_phone_404" time="0.151" /><testcase classname="tests.test_security_iter3" name="test_mvp_verify_bad_match_404" time="0.079" /><testcase classname="tests.test_bulk_add_and_regression" name="test_bulk_add_bad_token" time="0.167" /><testcase classname="tests.test_security_iter3" name="test_source_zip_not_binary" time="0.083" /><testcase classname="tests.test_security_iter3" name="test_match_name_too_long_422" time="0.080" /><testcase classname="tests.test_bulk_add_and_regression" name="test_bulk_add_invalid_rating_422" time="0.209" /><testcase classname="tests.test_security_iter3" name="test_match_empty_location_422" time="0.089" /><testcase classname="tests.test_security_iter3" name="test_join_rating_6_is_422" time="0.181" /><testcase classname="tests.test_bulk_add_and_regression" name="test_demo_still_intact" time="0.175" /><testcase classname="tests.test_security_iter3" name="test_join_name_too_long_422" time="0.179" /><testcase classname="tests.test_bulk_add_and_regression" name="test_end_to_end_flow" time="1.094" /><testcase classname="tests.test_security_iter3" name="test_cors_preflight_ok" time="0.063" /><testcase classname="tests.test_security_iter3" name="test_regular_get_works" time="0.092" /><testcase classname="tests.test_security_iter3" name="test_manifest_still_ok" time="0.089" /><testcase classname="tests.test_iter7_idempotency.TestRegressionSmoke" name="test_groups_create_and_dashboard" time="0.006" /><testcase classname="tests.test_iter7_idempotency.TestRegressionSmoke" name="test_group_dashboard_wrong_token_403" time="0.003" /><testcase classname="tests.test_iter7_idempotency.TestRegressionSmoke" name="test_rating_history_endpoint_shape" time="0.002" /><testcase classname="tests.test_iter7_idempotency.TestRegressionSmoke" name="test_admin_token_length_and_hidden_on_public" time="0.004" /><testcase classname="tests.test_v1_release.TestRatingPatch" name="test_valid_rating_update" time="0.367" /><testcase classname="tests.test_v1_release.TestRatingPatch" name="test_rating_zero_422" time="0.286" /><testcase classname="tests.test_bulk_add_and_regression" name="test_join_duplicate_phone_rejected" time="1.032" /><testcase classname="tests.test_v1_release.TestRatingPatch" name="test_rating_six_422" time="0.299" /><testcase classname="tests.test_v1_release.TestRatingPatch" name="test_wrong_admin_token_403" time="0.244" /><testcase classname="tests.test_v1_1_rating_groups.TestRegression" name="test_admin_token_length" time="0.002" /><testcase classname="tests.test_v1_1_rating_groups.TestRegression" name="test_demo_endpoint" time="0.002" /><testcase classname="tests.test_v1_1_rating_groups.TestRegression" name="test_public_endpoint_hides_admin_token" time="0.003" /><testcase classname="tests.test_iter7_idempotency.TestMarkPlayedIdempotency" name="test_double_mark_played_is_idempotent" time="0.242" /><testcase classname="tests.test_iter7_idempotency.TestMarkPlayedIdempotency" name="test_mark_played_no_body_still_works" time="0.228" /><testcase classname="tests.test_v1_1_rating_groups.TestGroups" name="test_create_group_and_403_on_wrong_token" time="0.003" /><testcase classname="tests.test_v1_1_rating_groups.TestGroups" name="test_group_dashboard_after_played_match" time="0.022" /><testcase classname="tests.test_v1_release.TestPWAAssets" name="test_manifest_ok" time="0.079" /><testcase classname="tests.test_v1_1_rating_groups.TestRatingEngine" name="test_win_loss_deltas" time="0.018" /><testcase classname="tests.test_v1_1_rating_groups.TestRatingEngine" name="test_draw_actual_half" time="0.036" /><testcase classname="tests.test_v1_release.TestPWAAssets" name="test_service_worker_content" time="0.096" /><testcase classname="tests.test_v1_1_rating_groups.TestRatingEngine" name="test_rating_history_endpoint" time="0.017" /><testcase classname="tests.test_v1_1_rating_groups.TestRatingEngine" name="test_snake_draft_uses_dynamic_rating" time="0.075" /><testcase classname="tests.test_v1_1_rating_groups.TestRatingEngine" name="test_backward_compat_mark_played_no_body" time="0.017" /><testcase classname="tests.test_v1_release.TestAdminTokenLength" name="test_token_length_ge_30" time="0.078" /><testcase classname="tests.test_v1_1_rating_groups.TestRatingEngine" name="test_get_match_ungrouped_backward_compat" time="0.004" /><testcase classname="tests.test_v1_release.TestFullRegression" name="test_lifecycle" time="1.597" /><testcase classname="tests.test_v1_release.TestRateLimit" name="test_join_rate_limit" time="3.031" /><testcase classname="tests.test_v1_release.TestHistoryEmpty" name="test_history_empty_number" time="0.082" /></testsuite></testsuites>